<?xml version="1.0" encoding="UTF-8"?>
<robot generator="Robot 7.4.2 (Python 3.12.10 on win32)" generated="2026-06-17T21:52:08.803144" rpa="false" schemaversion="5">
<suite id="s1" name="Api Avaliacao Inicial" source="E:\vidAtiva\Vida-Ativa\frontend\tests\T7_avaliacao_inicial\api_avaliacao_inicial.robot">
<kw name="Criar Sessao API" type="SETUP">
<kw name="Create Session" owner="RequestsLibrary">
<msg time="2026-06-17T21:52:08.921139" level="INFO">Creating Session using : alias=vidaativa, url=http://localhost:3000/api, headers={},                     cookies={}, auth=None, timeout=None, proxies=None, verify=False,                     debug=0 </msg>
<arg>vidaativa</arg>
<arg>${BASE_URL}</arg>
<arg>verify=${False}</arg>
<doc>Create Session: create a HTTP session to a server</doc>
<status status="PASS" start="2026-06-17T21:52:08.920637" elapsed="0.000502"/>
</kw>
<kw name="Create Dictionary" owner="BuiltIn">
<msg time="2026-06-17T21:52:08.921677" level="INFO">${login_body} = {'email': 't7.teste@vidaativa.com', 'senha': '123456789'}</msg>
<var>${login_body}</var>
<arg>email=${EMAIL_TESTE}</arg>
<arg>senha=${SENHA_TESTE}</arg>
<doc>Creates and returns a dictionary based on the given ``items``.</doc>
<status status="PASS" start="2026-06-17T21:52:08.921139" elapsed="0.000538"/>
</kw>
<kw name="POST On Session" owner="RequestsLibrary">
<msg time="2026-06-17T21:52:10.001714" level="INFO">POST Request : url=http://localhost:3000/api/usuarios/login 
 path_url=/api/usuarios/login 
 headers={'User-Agent': 'python-requests/2.34.2', 'Accept-Encoding': 'gzip, deflate', 'Accept': '*/*', 'Connection': 'keep-alive', 'Content-Length': '57', 'Content-Type': 'application/json'} 
 body=b'{"email": "t7.teste@vidaativa.com", "senha": "123456789"}' 
 </msg>
<msg time="2026-06-17T21:52:10.001714" level="INFO">POST Response : url=http://localhost:3000/api/usuarios/login 
 status=200, reason=OK 
 headers={'X-Powered-By': 'Express', 'Access-Control-Allow-Origin': '*', 'Content-Type': 'application/json; charset=utf-8', 'Content-Length': '345', 'ETag': 'W/"159-jzNAl9qtwgKcpUk4majlZEuxkbE"', 'Date': 'Thu, 18 Jun 2026 00:52:10 GMT', 'Connection': 'keep-alive', 'Keep-Alive': 'timeout=5'} 
 body={"mensagem":"Login realizado com sucesso!","usuario":{"id":"73b2a17b-cb0c-407e-a0ad-9f469267df8f","nome":"Teste T7 Eduardo","email":"t7.teste@vidaativa.com","tipo":"IDOSO","aceitou_aviso_medico":false,"respondeu_quiz":false,"perfil_clinico":null,"limitacoes_fisicas":"{}","data_cadastro":"2026-06-18T03:48:23.894Z","registro_profissional":null}} 
 </msg>
<msg time="2026-06-17T21:52:10.001714" level="INFO">${login_resp} = &lt;Response [200]&gt;</msg>
<var>${login_resp}</var>
<arg>vidaativa</arg>
<arg>/usuarios/login</arg>
<arg>json=${login_body}</arg>
<arg>expected_status=200</arg>
<doc>Sends a POST request on a previously created HTTP Session.</doc>
<status status="PASS" start="2026-06-17T21:52:08.921677" elapsed="1.080037"/>
</kw>
<kw name="Get From Dictionary" owner="Collections">
<msg time="2026-06-17T21:52:10.002711" level="INFO">${usuario} = {'id': '73b2a17b-cb0c-407e-a0ad-9f469267df8f', 'nome': 'Teste T7 Eduardo', 'email': 't7.teste@vidaativa.com', 'tipo': 'IDOSO', 'aceitou_aviso_medico': False, 'respondeu_quiz': False, 'perfil_clinico':...</msg>
<var>${usuario}</var>
<arg>${login_resp.json()}</arg>
<arg>usuario</arg>
<doc>Returns a value from the given ``dictionary`` based on the given ``key``.</doc>
<status status="PASS" start="2026-06-17T21:52:10.001714" elapsed="0.000997"/>
</kw>
<kw name="Get From Dictionary" owner="Collections">
<msg time="2026-06-17T21:52:10.002711" level="INFO">${id} = 73b2a17b-cb0c-407e-a0ad-9f469267df8f</msg>
<var>${id}</var>
<arg>${usuario}</arg>
<arg>id</arg>
<doc>Returns a value from the given ``dictionary`` based on the given ``key``.</doc>
<status status="PASS" start="2026-06-17T21:52:10.002711" elapsed="0.000000"/>
</kw>
<kw name="Set Suite Variable" owner="BuiltIn">
<msg time="2026-06-17T21:52:10.002711" level="INFO">${USUARIO_ID} = 73b2a17b-cb0c-407e-a0ad-9f469267df8f</msg>
<arg>${USUARIO_ID}</arg>
<arg>${id}</arg>
<doc>Makes a variable available everywhere within the scope of the current suite.</doc>
<status status="PASS" start="2026-06-17T21:52:10.002711" elapsed="0.000000"/>
</kw>
<status status="PASS" start="2026-06-17T21:52:08.919626" elapsed="1.083085"/>
</kw>
<test id="s1-t1" name="CT01 - T7: Deve retornar erro 400 ao submeter avaliacao sem aceitar o termo medico" line="19">
<kw name="Create List" owner="BuiltIn">
<msg time="2026-06-17T21:52:10.003707" level="INFO">${respostas} = [3, 4]</msg>
<var>${respostas}</var>
<arg>${3}</arg>
<arg>${4}</arg>
<doc>Returns a list containing given items.</doc>
<status status="PASS" start="2026-06-17T21:52:10.003707" elapsed="0.000000"/>
</kw>
<kw name="Create List" owner="BuiltIn">
<msg time="2026-06-17T21:52:10.004263" level="INFO">${limitacoes} = []</msg>
<var>${limitacoes}</var>
<doc>Returns a list containing given items.</doc>
<status status="PASS" start="2026-06-17T21:52:10.004263" elapsed="0.000000"/>
</kw>
<kw name="Create Dictionary" owner="BuiltIn">
<msg time="2026-06-17T21:52:10.004904" level="INFO">${body} = {'aceitouAvisoMedico': False, 'respostas': [3, 4], 'limitacoesFisicas': []}</msg>
<var>${body}</var>
<arg>aceitouAvisoMedico=${False}</arg>
<arg>respostas=${respostas}</arg>
<arg>limitacoesFisicas=${limitacoes}</arg>
<doc>Creates and returns a dictionary based on the given ``items``.</doc>
<status status="PASS" start="2026-06-17T21:52:10.004263" elapsed="0.000641"/>
</kw>
<kw name="POST On Session" owner="RequestsLibrary">
<msg time="2026-06-17T21:52:10.006947" level="INFO">POST Request : url=http://localhost:3000/api/usuarios/73b2a17b-cb0c-407e-a0ad-9f469267df8f/avaliacao 
 path_url=/api/usuarios/73b2a17b-cb0c-407e-a0ad-9f469267df8f/avaliacao 
 headers={'User-Agent': 'python-requests/2.34.2', 'Accept-Encoding': 'gzip, deflate', 'Accept': '*/*', 'Connection': 'keep-alive', 'Content-Length': '75', 'Content-Type': 'application/json'} 
 body=b'{"aceitouAvisoMedico": false, "respostas": [3, 4], "limitacoesFisicas": []}' 
 </msg>
<msg time="2026-06-17T21:52:10.006947" level="INFO">POST Response : url=http://localhost:3000/api/usuarios/73b2a17b-cb0c-407e-a0ad-9f469267df8f/avaliacao 
 status=400, reason=Bad Request 
 headers={'X-Powered-By': 'Express', 'Access-Control-Allow-Origin': '*', 'Content-Type': 'application/json; charset=utf-8', 'Content-Length': '88', 'ETag': 'W/"58-WukOhz0FrliZI/RomzFajB0oieI"', 'Date': 'Thu, 18 Jun 2026 00:52:10 GMT', 'Connection': 'keep-alive', 'Keep-Alive': 'timeout=5'} 
 body={"error":"É obrigatório aceitar o aviso de responsabilidade médica para prosseguir."} 
 </msg>
<msg time="2026-06-17T21:52:10.006947" level="INFO">${response} = &lt;Response [400]&gt;</msg>
<var>${response}</var>
<arg>vidaativa</arg>
<arg>/usuarios/${USUARIO_ID}/avaliacao</arg>
<arg>json=${body}</arg>
<arg>expected_status=400</arg>
<doc>Sends a POST request on a previously created HTTP Session.</doc>
<status status="PASS" start="2026-06-17T21:52:10.004904" elapsed="0.002043"/>
</kw>
<kw name="Should Be Equal As Integers" owner="BuiltIn">
<msg time="2026-06-17T21:52:10.007467" level="INFO">Argument types are:
&lt;class 'int'&gt;
&lt;class 'str'&gt;</msg>
<arg>${response.status_code}</arg>
<arg>400</arg>
<doc>Fails if objects are unequal after converting them to integers.</doc>
<status status="PASS" start="2026-06-17T21:52:10.006947" elapsed="0.000520"/>
</kw>
<kw name="Dictionary Should Contain Key" owner="Collections">
<arg>${response.json()}</arg>
<arg>error</arg>
<doc>Fails if ``key`` is not found from ``dictionary``.</doc>
<status status="PASS" start="2026-06-17T21:52:10.007467" elapsed="0.000000"/>
</kw>
<kw name="Should Contain" owner="BuiltIn">
<arg>${response.json()['error']}</arg>
<arg>obrigatório aceitar o aviso</arg>
<doc>Fails if ``container`` does not contain ``item`` one or more times.</doc>
<status status="PASS" start="2026-06-17T21:52:10.007986" elapsed="0.000000"/>
</kw>
<doc>RN01 / US01 — Entrada Inválida: Aviso médico não aceito.
O backend deve barrar a submissão e retornar erro 400.</doc>
<status status="PASS" start="2026-06-17T21:52:10.002711" elapsed="0.005806"/>
</test>
<test id="s1-t2" name="CT02 - T7: Deve processar a avaliacao com sucesso com todas as perguntas respondidas" line="39">
<kw name="Create List" owner="BuiltIn">
<msg time="2026-06-17T21:52:10.009039" level="INFO">${respostas} = [3, 4]</msg>
<var>${respostas}</var>
<arg>${3}</arg>
<arg>${4}</arg>
<doc>Returns a list containing given items.</doc>
<status status="PASS" start="2026-06-17T21:52:10.008517" elapsed="0.000522"/>
</kw>
<kw name="Create List" owner="BuiltIn">
<msg time="2026-06-17T21:52:10.009553" level="INFO">${limitacoes} = []</msg>
<var>${limitacoes}</var>
<doc>Returns a list containing given items.</doc>
<status status="PASS" start="2026-06-17T21:52:10.009039" elapsed="0.000514"/>
</kw>
<kw name="Create Dictionary" owner="BuiltIn">
<msg time="2026-06-17T21:52:10.010080" level="INFO">${body} = {'aceitouAvisoMedico': True, 'respostas': [3, 4], 'limitacoesFisicas': []}</msg>
<var>${body}</var>
<arg>aceitouAvisoMedico=${True}</arg>
<arg>respostas=${respostas}</arg>
<arg>limitacoesFisicas=${limitacoes}</arg>
<doc>Creates and returns a dictionary based on the given ``items``.</doc>
<status status="PASS" start="2026-06-17T21:52:10.009553" elapsed="0.000527"/>
</kw>
<kw name="POST On Session" owner="RequestsLibrary">
<msg time="2026-06-17T21:52:10.165453" level="INFO">POST Request : url=http://localhost:3000/api/usuarios/73b2a17b-cb0c-407e-a0ad-9f469267df8f/avaliacao 
 path_url=/api/usuarios/73b2a17b-cb0c-407e-a0ad-9f469267df8f/avaliacao 
 headers={'User-Agent': 'python-requests/2.34.2', 'Accept-Encoding': 'gzip, deflate', 'Accept': '*/*', 'Connection': 'keep-alive', 'Content-Length': '74', 'Content-Type': 'application/json'} 
 body=b'{"aceitouAvisoMedico": true, "respostas": [3, 4], "limitacoesFisicas": []}' 
 </msg>
<msg time="2026-06-17T21:52:10.165453" level="INFO">POST Response : url=http://localhost:3000/api/usuarios/73b2a17b-cb0c-407e-a0ad-9f469267df8f/avaliacao 
 status=200, reason=OK 
 headers={'X-Powered-By': 'Express', 'Access-Control-Allow-Origin': '*', 'Content-Type': 'application/json; charset=utf-8', 'Content-Length': '280', 'ETag': 'W/"118-LwD8ZCc+Rj6moq4BkSzYDV6Etsc"', 'Date': 'Thu, 18 Jun 2026 00:52:10 GMT', 'Connection': 'keep-alive', 'Keep-Alive': 'timeout=5'} 
 body={"mensagem":"Avaliação processada com sucesso!","perfil":"ATIVO_LEVE","usuario":{"id":"73b2a17b-cb0c-407e-a0ad-9f469267df8f","tipo":"IDOSO","nome":"Teste T7 Eduardo","email":"t7.teste@vidaativa.com","perfil_clinico":"ATIVO_LEVE","limitacoes_fisicas":"{}","respondeu_quiz":true}} 
 </msg>
<msg time="2026-06-17T21:52:10.165453" level="INFO">${response} = &lt;Response [200]&gt;</msg>
<var>${response}</var>
<arg>vidaativa</arg>
<arg>/usuarios/${USUARIO_ID}/avaliacao</arg>
<arg>json=${body}</arg>
<arg>expected_status=200</arg>
<doc>Sends a POST request on a previously created HTTP Session.</doc>
<status status="PASS" start="2026-06-17T21:52:10.010080" elapsed="0.155373"/>
</kw>
<kw name="Should Be Equal As Integers" owner="BuiltIn">
<msg time="2026-06-17T21:52:10.166452" level="INFO">Argument types are:
&lt;class 'int'&gt;
&lt;class 'str'&gt;</msg>
<arg>${response.status_code}</arg>
<arg>200</arg>
<doc>Fails if objects are unequal after converting them to integers.</doc>
<status status="PASS" start="2026-06-17T21:52:10.165453" elapsed="0.000999"/>
</kw>
<kw name="Set Variable" owner="BuiltIn">
<msg time="2026-06-17T21:52:10.166954" level="INFO">${json} = {'mensagem': 'Avaliação processada com sucesso!', 'perfil': 'ATIVO_LEVE', 'usuario': {'id': '73b2a17b-cb0c-407e-a0ad-9f469267df8f', 'tipo': 'IDOSO', 'nome': 'Teste T7 Eduardo', 'email': 't7.teste@vida...</msg>
<var>${json}</var>
<arg>${response.json()}</arg>
<doc>Returns the given values which can then be assigned to a variables.</doc>
<status status="PASS" start="2026-06-17T21:52:10.166452" elapsed="0.000502"/>
</kw>
<kw name="Dictionary Should Contain Key" owner="Collections">
<arg>${json}</arg>
<arg>perfil</arg>
<doc>Fails if ``key`` is not found from ``dictionary``.</doc>
<status status="PASS" start="2026-06-17T21:52:10.166954" elapsed="0.000000"/>
</kw>
<kw name="Dictionary Should Contain Key" owner="Collections">
<arg>${json}</arg>
<arg>usuario</arg>
<doc>Fails if ``key`` is not found from ``dictionary``.</doc>
<status status="PASS" start="2026-06-17T21:52:10.166954" elapsed="0.000000"/>
</kw>
<kw name="Should Not Be Empty" owner="BuiltIn">
<msg time="2026-06-17T21:52:10.166954" level="INFO">Length is 10.</msg>
<arg>${json['perfil']}</arg>
<doc>Verifies that the given item is not empty.</doc>
<status status="PASS" start="2026-06-17T21:52:10.166954" elapsed="0.000000"/>
</kw>
<doc>RN01 / US01 — Entrada Válida: Todas as perguntas respondidas e termo aceito.
O sistema deve retornar 200 e definir o perfil clínico do usuário.</doc>
<status status="PASS" start="2026-06-17T21:52:10.008517" elapsed="0.158437"/>
</test>
<kw name="Delete All Sessions" owner="RequestsLibrary" type="TEARDOWN">
<msg time="2026-06-17T21:52:10.168072" level="INFO">Deleting All Sessions</msg>
<doc>Removes all the session objects</doc>
<status status="PASS" start="2026-06-17T21:52:10.168072" elapsed="0.000000"/>
</kw>
<status status="PASS" start="2026-06-17T21:52:08.804646" elapsed="1.363426"/>
</suite>
<statistics>
<total>
<stat pass="2" fail="0" skip="0">All Tests</stat>
</total>
<tag>
</tag>
<suite>
<stat name="Api Avaliacao Inicial" id="s1" pass="2" fail="0" skip="0">Api Avaliacao Inicial</stat>
</suite>
</statistics>
<errors>
</errors>
</robot>
